<?xml version="1.0" encoding="UTF-8"?>
<testsuite xmlns:xsi="http://www.w3.org/2001/XMLSchema-instance" xsi:noNamespaceSchemaLocation="https://maven.apache.org/surefire/maven-surefire-plugin/xsd/surefire-test-report.xsd" name="com.selenium.junit.testrunner.TestRunnerClass" time="67.633" tests="4" errors="0" skipped="0" failures="1">
  <properties>
[...]
</properties>
  <testcase name="testYahooGoogleSwitchTabPageObject on testYahooGoogleSwitchTabPageObject(com.selenium.YahooGoogleSwitchTabPageObjectTest)" classname="com.selenium.YahooGoogleSwitchTabPageObjectTest" time="28.979">
    <failure message="expected:&lt;[g]oogle - Yahoo India ...&gt; but was:&lt;[G]oogle - Yahoo India ...&gt;" type="org.junit.ComparisonFailure"><![CDATA[org.junit.ComparisonFailure: expected:<[g]oogle - Yahoo India ...> but was:<[G]oogle - Yahoo India ...>
	at com.selenium.YahooGoogleSwitchTabPageObjectTest.testYahooGoogleSwitchTabPageObject(YahooGoogleSwitchTabPageObjectTest.java:67)
]]></failure>
    <system-err><![CDATA[Starting ChromeDriver 80.0.3987.106 (f68069574609230cf9b635cd784cfb1bf81bb53a-refs/branch-heads/3987@{#882}) on port 22389
Only local connections are allowed.
Please protect ports used by ChromeDriver and related test frameworks to prevent access by malicious code.
[1587728266.100][WARNING]: This version of ChromeDriver has not been tested with Chrome version 81.
[1587728268.135][WARNING]: Timed out connecting to Chrome, retrying...
Apr 24, 2020 5:07:50 PM org.openqa.selenium.remote.ProtocolHandshake createSession
INFO: Detected dialect: W3C
[1587728272.396][WARNING]: Timed out connecting to Chrome, retrying...
[1587728275.816][SEVERE]: Timed out receiving message from renderer: 0.100
[1587728275.922][SEVERE]: Timed out receiving message from renderer: 0.100
[1587728276.223][SEVERE]: Timed out receiving message from renderer: 0.100
[1587728276.353][SEVERE]: Timed out receiving message from renderer: 0.100
[1587728277.130][SEVERE]: Timed out receiving message from renderer: 0.100
[1587728277.236][SEVERE]: Timed out receiving message from renderer: 0.100
[1587728277.368][SEVERE]: Timed out receiving message from renderer: 0.100
[1587728277.519][SEVERE]: Timed out receiving message from renderer: 0.100
[1587728277.676][SEVERE]: Timed out receiving message from renderer: 0.100
[1587728277.842][SEVERE]: Timed out receiving message from renderer: 0.100
[1587728277.989][SEVERE]: Timed out receiving message from renderer: 0.100
[1587728278.144][SEVERE]: Timed out receiving message from renderer: 0.100
[1587728278.252][SEVERE]: Timed out receiving message from renderer: 0.100
[1587728278.361][SEVERE]: Timed out receiving message from renderer: 0.100
[1587728278.464][SEVERE]: Timed out receiving message from renderer: 0.100
[1587728278.568][SEVERE]: Timed out receiving message from renderer: 0.100
[1587728278.670][SEVERE]: Timed out receiving message from renderer: 0.100
[1587728278.774][SEVERE]: Timed out receiving message from renderer: 0.100
[1587728278.877][SEVERE]: Timed out receiving message from renderer: 0.100
[1587728279.090][SEVERE]: Timed out receiving message from renderer: 0.100
[1587728279.195][SEVERE]: Timed out receiving message from renderer: 0.100
[1587728279.297][SEVERE]: Timed out receiving message from renderer: 0.100
[1587728279.404][SEVERE]: Timed out receiving message from renderer: 0.100
[1587728279.979][SEVERE]: Timed out receiving message from renderer: 0.100
[1587728280.083][SEVERE]: Timed out receiving message from renderer: 0.100
[1587728280.198][SEVERE]: Timed out receiving message from renderer: 0.100
[1587728280.619][SEVERE]: Timed out receiving message from renderer: 0.100
[1587728281.955][SEVERE]: Timed out receiving message from renderer: 0.100
[1587728282.126][SEVERE]: Timed out receiving message from renderer: 0.100
[1587728282.232][SEVERE]: Timed out receiving message from renderer: 0.100
[1587728282.338][SEVERE]: Timed out receiving message from renderer: 0.100
[1587728282.445][SEVERE]: Timed out receiving message from renderer: 0.100
[1587728286.064][SEVERE]: Timed out receiving message from renderer: 0.100
[1587728288.967][WARNING]: Timed out connecting to Chrome, retrying...
]]></system-err>
  </testcase>
  <testcase name="testPageObjectFactory[0] on testPageObjectFactory[0](com.selenium.GitHubPageObjectFactoryTest)" classname="com.selenium.GitHubPageObjectFactoryTest" time="12.981"/>
  <testcase name="testPageObjectFactory[1] on testPageObjectFactory[1](com.selenium.GitHubPageObjectFactoryTest)" classname="com.selenium.GitHubPageObjectFactoryTest" time="12.27"/>
  <testcase name="testPageObjectFactory[2] on testPageObjectFactory[2](com.selenium.GitHubPageObjectFactoryTest)" classname="com.selenium.GitHubPageObjectFactoryTest" time="12.063"/>
</testsuite>