<?xml version="1.0" encoding="UTF-8"?>
<testng-results ignored="0" total="4" passed="3" failed="1" skipped="0">
  <reporter-output>
  </reporter-output>
  <suite started-at="2020-04-17T18:03:46Z" name="Surefire suite" finished-at="2020-04-17T18:05:15Z" duration-ms="89297">
    <groups>
    </groups>
    <test started-at="2020-04-17T18:03:46Z" name="Surefire test" finished-at="2020-04-17T18:05:15Z" duration-ms="89297">
      <class name="com.selenium.GitHubPageObjectFactoryTest">
        <test-method signature="testPageObjectFactory()" started-at="2020-04-17T23:33:46Z" name="testPageObjectFactory[0]" finished-at="2020-04-17T23:34:50Z" duration-ms="63485" status="PASS">
          <reporter-output>
          </reporter-output>
        </test-method> <!-- testPageObjectFactory[0] -->
        <test-method signature="testPageObjectFactory()" started-at="2020-04-17T23:33:46Z" name="testPageObjectFactory[1]" finished-at="2020-04-17T23:35:02Z" duration-ms="76389" status="PASS">
          <reporter-output>
          </reporter-output>
        </test-method> <!-- testPageObjectFactory[1] -->
        <test-method signature="testPageObjectFactory()" started-at="2020-04-17T23:33:46Z" name="testPageObjectFactory[2]" finished-at="2020-04-17T23:35:15Z" duration-ms="89056" status="PASS">
          <reporter-output>
          </reporter-output>
        </test-method> <!-- testPageObjectFactory[2] -->
      </class> <!-- com.selenium.GitHubPageObjectFactoryTest -->
      <class name="com.selenium.YahooGoogleSwitchTabPageObjectTest">
        <test-method signature="testYahooGoogleSwitchTabPageObject() throws java.lang.InterruptedException" started-at="2020-04-17T23:33:46Z" name="testYahooGoogleSwitchTabPageObject" finished-at="2020-04-17T23:34:34Z" duration-ms="47523" status="FAIL">
          <exception class="org.junit.ComparisonFailure">
            <message>
              <![CDATA[expected:<[g]oogle - Yahoo India ...> but was:<[G]oogle - Yahoo India ...>]]>
            </message>
            <full-stacktrace>
              <![CDATA[org.junit.ComparisonFailure: expected:<[g]oogle - Yahoo India ...> but was:<[G]oogle - Yahoo India ...>
	at org.junit.Assert.assertEquals(Assert.java:117)
	at org.junit.Assert.assertEquals(Assert.java:146)
	at com.selenium.YahooGoogleSwitchTabPageObjectTest.testYahooGoogleSwitchTabPageObject(YahooGoogleSwitchTabPageObjectTest.java:67)
	at java.base/jdk.internal.reflect.NativeMethodAccessorImpl.invoke0(Native Method)
	at java.base/jdk.internal.reflect.NativeMethodAccessorImpl.invoke(NativeMethodAccessorImpl.java:62)
	at java.base/jdk.internal.reflect.DelegatingMethodAccessorImpl.invoke(DelegatingMethodAccessorImpl.java:43)
	at java.base/java.lang.reflect.Method.invoke(Method.java:566)
	at org.junit.runners.model.FrameworkMethod$1.runReflectiveCall(FrameworkMethod.java:59)
	at org.junit.internal.runners.model.ReflectiveCallable.run(ReflectiveCallable.java:12)
	at org.junit.runners.model.FrameworkMethod.invokeExplosively(FrameworkMethod.java:56)
	at org.junit.internal.runners.statements.InvokeMethod.evaluate(InvokeMethod.java:17)
	at org.junit.internal.runners.statements.RunBefores.evaluate(RunBefores.java:26)
	at org.junit.internal.runners.statements.RunAfters.evaluate(RunAfters.java:27)
	at org.junit.runners.ParentRunner$3.evaluate(ParentRunner.java:306)
	at org.junit.runners.BlockJUnit4ClassRunner$1.evaluate(BlockJUnit4ClassRunner.java:100)
	at org.junit.runners.ParentRunner.runLeaf(ParentRunner.java:366)
	at org.junit.runners.BlockJUnit4ClassRunner.runChild(BlockJUnit4ClassRunner.java:103)
	at org.junit.runners.BlockJUnit4ClassRunner.runChild(BlockJUnit4ClassRunner.java:63)
	at org.junit.runners.ParentRunner$4.run(ParentRunner.java:331)
	at org.junit.runners.ParentRunner$1.schedule(ParentRunner.java:79)
	at org.junit.runners.ParentRunner.runChildren(ParentRunner.java:329)
	at org.junit.runners.ParentRunner.access$100(ParentRunner.java:66)
	at org.junit.runners.ParentRunner$2.evaluate(ParentRunner.java:293)
	at org.junit.runners.ParentRunner$3.evaluate(ParentRunner.java:306)
	at org.junit.runners.ParentRunner.run(ParentRunner.java:413)
	at org.junit.runners.Suite.runChild(Suite.java:128)
	at org.junit.runners.Suite.runChild(Suite.java:27)
	at org.junit.runners.ParentRunner$4.run(ParentRunner.java:331)
	at org.junit.runners.ParentRunner$1.schedule(ParentRunner.java:79)
	at org.junit.runners.ParentRunner.runChildren(ParentRunner.java:329)
	at org.junit.runners.ParentRunner.access$100(ParentRunner.java:66)
	at org.junit.runners.ParentRunner$2.evaluate(ParentRunner.java:293)
	at org.junit.runners.ParentRunner$3.evaluate(ParentRunner.java:306)
	at org.junit.runners.ParentRunner.run(ParentRunner.java:413)
	at org.junit.runner.JUnitCore.run(JUnitCore.java:137)
	at org.junit.runner.JUnitCore.run(JUnitCore.java:115)
	at org.testng.junit.JUnit4TestRunner.start(JUnit4TestRunner.java:82)
	at org.testng.junit.JUnit4TestRunner.run(JUnit4TestRunner.java:70)
	at org.testng.TestRunner$1.run(TestRunner.java:675)
	at org.testng.TestRunner.runJUnitWorkers(TestRunner.java:975)
	at org.testng.TestRunner.privateRunJUnit(TestRunner.java:706)
	at org.testng.TestRunner.run(TestRunner.java:607)
	at org.testng.SuiteRunner.runTest(SuiteRunner.java:387)
	at org.testng.SuiteRunner.runSequentially(SuiteRunner.java:382)
	at org.testng.SuiteRunner.privateRun(SuiteRunner.java:340)
	at org.testng.SuiteRunner.run(SuiteRunner.java:289)
	at org.testng.SuiteRunnerWorker.runSuite(SuiteRunnerWorker.java:52)
	at org.testng.SuiteRunnerWorker.run(SuiteRunnerWorker.java:86)
	at org.testng.TestNG.runSuitesSequentially(TestNG.java:1293)
	at org.testng.TestNG.runSuitesLocally(TestNG.java:1218)
	at org.testng.TestNG.runSuites(TestNG.java:1133)
	at org.testng.TestNG.run(TestNG.java:1104)
	at org.apache.maven.surefire.testng.TestNGExecutor.run(TestNGExecutor.java:135)
	at org.apache.maven.surefire.testng.TestNGDirectoryTestSuite.executeSingleClass(TestNGDirectoryTestSuite.java:112)
	at org.apache.maven.surefire.testng.TestNGDirectoryTestSuite.execute(TestNGDirectoryTestSuite.java:99)
	at org.apache.maven.surefire.testng.TestNGProvider.invoke(TestNGProvider.java:146)
	at org.apache.maven.surefire.booter.ForkedBooter.invokeProviderInSameClassLoader(ForkedBooter.java:384)
	at org.apache.maven.surefire.booter.ForkedBooter.runSuitesInProcess(ForkedBooter.java:345)
	at org.apache.maven.surefire.booter.ForkedBooter.execute(ForkedBooter.java:126)
	at org.apache.maven.surefire.booter.ForkedBooter.main(ForkedBooter.java:418)
]]>
            </full-stacktrace>
          </exception> <!-- org.junit.ComparisonFailure -->
          <reporter-output>
          </reporter-output>
        </test-method> <!-- testYahooGoogleSwitchTabPageObject -->
      </class> <!-- com.selenium.YahooGoogleSwitchTabPageObjectTest -->
    </test> <!-- Surefire test -->
  </suite> <!-- Surefire suite -->
</testng-results>
