<?xml version="1.0" encoding="UTF-8"?>
<testng-results ignored="3" total="4" passed="1" failed="0" skipped="0">
  <reporter-output>
  </reporter-output>
  <suite started-at="2020-05-06T10:54:22Z" name="Suite" finished-at="2020-05-06T10:54:37Z" duration-ms="14793">
    <groups>
      <group name="gp1">
        <method signature="SeleniumWebDriverUploadFilePageObjectTest.testSeleniumWebDriverUploadFilePageObject()[pri:0, instance:com.selenium.testng.SeleniumWebDriverUploadFilePageObjectTest@6a2f6f80]" name="testSeleniumWebDriverUploadFilePageObject" class="com.selenium.testng.SeleniumWebDriverUploadFilePageObjectTest"/>
      </group> <!-- gp1 -->
    </groups>
    <test started-at="2020-05-06T10:54:22Z" name="HardError" finished-at="2020-05-06T10:54:22Z" duration-ms="16">
    </test> <!-- HardError -->
    <test started-at="2020-05-06T10:54:22Z" name="SwitchTabs" finished-at="2020-05-06T10:54:22Z" duration-ms="15">
    </test> <!-- SwitchTabs -->
    <test started-at="2020-05-06T10:54:22Z" name="FileUpload" finished-at="2020-05-06T10:54:37Z" duration-ms="14711">
      <class name="com.selenium.testng.SeleniumWebDriverUploadFilePageObjectTest">
        <test-method is-config="true" signature="beforeClass()[pri:0, instance:com.selenium.testng.SeleniumWebDriverUploadFilePageObjectTest@6a2f6f80]" started-at="2020-05-06T16:24:22Z" name="beforeClass" finished-at="2020-05-06T16:24:36Z" duration-ms="14382" status="PASS">
          <reporter-output>
          </reporter-output>
        </test-method> <!-- beforeClass -->
        <test-method signature="testSeleniumWebDriverUploadFilePageObject()[pri:0, instance:com.selenium.testng.SeleniumWebDriverUploadFilePageObjectTest@6a2f6f80]" started-at="2020-05-06T16:24:36Z" name="testSeleniumWebDriverUploadFilePageObject" finished-at="2020-05-06T16:24:37Z" duration-ms="304" status="PASS">
          <reporter-output>
          </reporter-output>
        </test-method> <!-- testSeleniumWebDriverUploadFilePageObject -->
        <test-method is-config="true" signature="afterClass()[pri:0, instance:com.selenium.testng.SeleniumWebDriverUploadFilePageObjectTest@6a2f6f80]" started-at="2020-05-06T16:24:37Z" name="afterClass" finished-at="2020-05-06T16:24:37Z" duration-ms="1" status="PASS">
          <reporter-output>
          </reporter-output>
        </test-method> <!-- afterClass -->
      </class> <!-- com.selenium.testng.SeleniumWebDriverUploadFilePageObjectTest -->
    </test> <!-- FileUpload -->
  </suite> <!-- Suite -->
</testng-results>
