<?xml version="1.0" encoding="UTF-8"?>
<!-- Generated by org.testng.reporters.JUnitXMLReporter -->
<testsuite ignored="0" hostname="DESKTOP-BLN1FMN" failures="1" tests="4" name="Surefire test" time="89.297" errors="0" timestamp="17 Apr 2020 18:05:16 GMT">
  <testcase classname="com.selenium.YahooGoogleSwitchTabPageObjectTest" name="testYahooGoogleSwitchTabPageObject on testYahooGoogleSwitchTabPageObject(com.selenium.YahooGoogleSwitchTabPageObjectTest)" time="47.523">
    <failure type="org.junit.ComparisonFailure" message="expected:&amp;lt;[g]oogle - Yahoo India ...&amp;gt; but was:&amp;lt;[G]oogle - Yahoo India ...&amp;gt;">
      <![CDATA[org.junit.ComparisonFailure: expected:<[g]oogle - Yahoo India ...> but was:<[G]oogle - Yahoo India ...>
	at org.junit.Assert.assertEquals(Assert.java:117)
	at org.junit.Assert.assertEquals(Assert.java:146)
	at com.selenium.YahooGoogleSwitchTabPageObjectTest.testYahooGoogleSwitchTabPageObject(YahooGoogleSwitchTabPageObjectTest.java:67)
	at org.junit.runners.model.FrameworkMethod$1.runReflectiveCall(FrameworkMethod.java:59)
	at org.junit.internal.runners.model.ReflectiveCallable.run(ReflectiveCallable.java:12)
	at org.junit.runners.model.FrameworkMethod.invokeExplosively(FrameworkMethod.java:56)
	at org.junit.internal.runners.statements.InvokeMethod.evaluate(InvokeMethod.java:17)
	at org.junit.internal.runners.statements.RunBefores.evaluate(RunBefores.java:26)
	at org.junit.internal.runners.statements.RunAfters.evaluate(RunAfters.java:27)
	at org.junit.runners.ParentRunner$3.evaluate(ParentRunner.java:306)
	at org.junit.runners.BlockJUnit4ClassRunner$1.evaluate(BlockJUnit4ClassRunner.java:100)
	at org.junit.runners.ParentRunner.runLeaf(ParentRunner.java:366)
	at org.junit.runners.BlockJUnit4ClassRunner.runChild(BlockJUnit4ClassRunner.java:103)
	at org.junit.runners.BlockJUnit4ClassRunner.runChild(BlockJUnit4ClassRunner.java:63)
	at org.junit.runners.ParentRunner$4.run(ParentRunner.java:331)
	at org.junit.runners.ParentRunner$1.schedule(ParentRunner.java:79)
	at org.junit.runners.ParentRunner.runChildren(ParentRunner.java:329)
	at org.junit.runners.ParentRunner.access$100(ParentRunner.java:66)
	at org.junit.runners.ParentRunner$2.evaluate(ParentRunner.java:293)
	at org.junit.runners.ParentRunner$3.evaluate(ParentRunner.java:306)
	at org.junit.runners.ParentRunner.run(ParentRunner.java:413)
	at org.junit.runners.Suite.runChild(Suite.java:128)
	at org.junit.runners.Suite.runChild(Suite.java:27)
	at org.junit.runners.ParentRunner$4.run(ParentRunner.java:331)
	at org.junit.runners.ParentRunner$1.schedule(ParentRunner.java:79)
	at org.junit.runners.ParentRunner.runChildren(ParentRunner.java:329)
	at org.junit.runners.ParentRunner.access$100(ParentRunner.java:66)
	at org.junit.runners.ParentRunner$2.evaluate(ParentRunner.java:293)
	at org.junit.runners.ParentRunner$3.evaluate(ParentRunner.java:306)
	at org.junit.runners.ParentRunner.run(ParentRunner.java:413)
	at org.junit.runner.JUnitCore.run(JUnitCore.java:137)
	at org.junit.runner.JUnitCore.run(JUnitCore.java:115)
... Removed 28 stack frames]]>
    </failure>
  </testcase> <!-- testYahooGoogleSwitchTabPageObject on testYahooGoogleSwitchTabPageObject(com.selenium.YahooGoogleSwitchTabPageObjectTest) -->
  <testcase classname="com.selenium.GitHubPageObjectFactoryTest" name="testPageObjectFactory[0] on testPageObjectFactory[0](com.selenium.GitHubPageObjectFactoryTest)" time="63.485"/>
  <testcase classname="com.selenium.GitHubPageObjectFactoryTest" name="testPageObjectFactory[1] on testPageObjectFactory[1](com.selenium.GitHubPageObjectFactoryTest)" time="76.389"/>
  <testcase classname="com.selenium.GitHubPageObjectFactoryTest" name="testPageObjectFactory[2] on testPageObjectFactory[2](com.selenium.GitHubPageObjectFactoryTest)" time="89.056"/>
</testsuite> <!-- Surefire test -->
