<?xml version="1.0" encoding="UTF-8"?>
<!-- Generated by org.testng.reporters.JUnitXMLReporter -->
<testsuite ignored="2" hostname="DESKTOP-BLN1FMN" failures="0" tests="0" time="0.016" errors="0" timestamp="06 May 2020 10:54:22 GMT">
  <testcase classname="com.selenium.testng.SoftvsHardErrorTest" name="hardError" time="0.0">
    <ignored/>
  </testcase> <!-- hardError -->
  <testcase classname="com.selenium.testng.SoftvsHardErrorTest" name="softError" time="0.0">
    <ignored/>
  </testcase> <!-- softError -->
</testsuite>
