<?xml version="1.0" encoding="UTF-8"?>
<!-- Generated by org.testng.reporters.JUnitXMLReporter -->
<testsuite ignored="1" hostname="DESKTOP-BLN1FMN" failures="1" tests="1" name="HardError" time="0.162" errors="0" timestamp="2020-05-04T21:38:35 IST">
  <testcase classname="com.selenium.testng.SoftvsHardErrorTest" name="hardError" time="0.027">
    <failure type="java.lang.AssertionError" message="expected [true] but found [false]">
      <![CDATA[java.lang.AssertionError: expected [true] but found [false]
at com.selenium.testng.SoftvsHardErrorTest.hardError(SoftvsHardErrorTest.java:17)
at java.base/java.util.ArrayList.forEach(ArrayList.java:1540)
at java.base/java.util.concurrent.FutureTask.run(FutureTask.java:264)
at java.base/java.util.concurrent.ThreadPoolExecutor.runWorker(ThreadPoolExecutor.java:1128)
at java.base/java.util.concurrent.ThreadPoolExecutor$Worker.run(ThreadPoolExecutor.java:628)
at java.base/java.lang.Thread.run(Thread.java:834)
... Removed 22 stack frames]]>
    </failure>
  </testcase> <!-- hardError -->
  <testcase classname="com.selenium.testng.SoftvsHardErrorTest" name="softError" time="0.0">
    <ignored/>
  </testcase> <!-- softError -->
</testsuite> <!-- HardError -->
